<?xml version="1.0" encoding="UTF-8"?>
<!-- Generated by org.testng.reporters.JUnitXMLReporter -->
<testsuite ignored="0" hostname="DESKTOP-VIGFA1G" failures="0" tests="5" name="Vehicle_Details_test" time="292.376" errors="0" timestamp="2024-04-01T18:48:23 IST">
  <testcase classname="Page_Test.Vehicle_Details_test" name="TC046_Verify_My_Vehicle" time="111.591"/>
  <testcase classname="Page_Test.Vehicle_Details_test" name="TC047_Verify_My_Vehicle_Documents" time="27.688"/>
  <testcase classname="Page_Test.Vehicle_Details_test" name="TC048_Verify_My_Vehicle_Subscriptions_details" time="28.409"/>
  <testcase classname="Page_Test.Vehicle_Details_test" name="TC049_Verify_Owners_Manual" time="38.356"/>
  <testcase classname="Page_Test.Vehicle_Details_test" name="TC051_Verify_Tips_and_DIY_videos_inside_sideMenu" time="13.475"/>
</testsuite> <!-- Vehicle_Details_test -->
